{
  "RSpec": {
    "coverage": {
      "/Users/apprentice/sithipedia/spec/rails_helper.rb": [
        null,
        null,
        null,
        null,
        null,
        null,
        null,
        null,
        null,
        null,
        null,
        null,
        null,
        null,
        null,
        null,
        null,
        null,
        null,
        null,
        null,
        null,
        null,
        null,
        null
      ],
      "/Users/apprentice/sithipedia/spec/models/category_spec.rb": [
        1,
        1,
        null,
        1,
        null,
        0,
        0,
        null,
        null,
        null,
        null,
        null,
        0,
        null,
        0,
        null,
        null,
        null,
        null,
        null,
        null,
        null,
        null
      ],
      "/Users/apprentice/sithipedia/spec/models/photo_spec.rb": [
        1,
        1,
        null,
        1,
        null,
        0,
        0,
        null
      ],
      "/Users/apprentice/sithipedia/spec/models/placement_spec.rb": [
        1,
        1,
        null,
        1,
        null,
        0,
        0,
        null
      ],
      "/Users/apprentice/sithipedia/spec/models/user_spec.rb": [
        1,
        1,
        null,
        1,
        null,
        0,
        0,
        null
      ],
      "/Users/apprentice/sithipedia/spec/models/version_spec.rb": [
        1,
        1,
        null,
        null,
        1,
        null,
        0,
        0,
        null,
        null,
        null,
        null,
        null,
        0,
        null,
        0,
        null,
        null,
        null,
        null,
        null,
        null,
        null,
        null
      ]
    },
    "timestamp": 1506015364
  }
}
